73d0 app_context::start_logger  476 ---- 2025/05/10 08:04:03.089 -------------------------------------------------
73d0 app_context::start_logger  479 Host process is 'cmd.exe' (pid 29648)
73d0 app_context::start_logger  483 DLL path is 'D:\trabajoFinal\trabajoFinal\cmder_mini\vendor\clink'
73d0 app_context::start_logger  498 Windows version 10.0.26100 (x64)
73d0 app_context::start_logger  500 Clink version 1.6.14.93b83f (x64)
73d0 hook_setter::hook_setter  159 >>> Started hook transaction.
73d0 hook_setter::attach_iat   316 Attempting to hook SetEnvironmentVariableW in IAT for module 00007FF792C30000.
73d0 pe_info::iterate_imports  195 Found import in 'api-ms-win-core-processenvironment-l1-1-0.dll'
73d0 find_iat                  124 Found import at 00007FF792C73E68 (value is 00007FFBD74B9E60).
73d0 hook_setter::attach_iat   316 Attempting to hook SetEnvironmentStringsW in IAT for module 00007FF792C30000.
73d0 pe_info::iterate_imports  195 Found import in 'api-ms-win-core-processenvironment-l1-1-0.dll'
73d0 find_iat                  124 Found import at 00007FF792C73E70 (value is 00007FFBD74CB3D0).
73d0 hook_setter::attach_iat   316 Attempting to hook WriteConsoleW in IAT for module 00007FF792C30000.
73d0 pe_info::iterate_imports  195 Found import in 'api-ms-win-core-console-l1-1-0.dll'
73d0 find_iat                  124 Found import at 00007FF792C73AB0 (value is 00007FFBD74B4250).
73d0 hook_setter::attach_iat   316 Attempting to hook GetEnvironmentVariableW in IAT for module 00007FF792C30000.
73d0 pe_info::iterate_imports  195 Found import in 'api-ms-win-core-processenvironment-l1-1-0.dll'
73d0 find_iat                  124 Found import at 00007FF792C73E48 (value is 00007FFBD7494A90).
73d0 hook_setter::commit       207 <<< Hook transaction committed.
73d0 hook_setter::hook_setter  159 >>> Started hook transaction.
73d0 hook_setter::detach_iat   359 Attempting to unhook 00007FFB3E425200 from GetEnvironmentVariableW in IAT for module 00007FF792C30000.
73d0 pe_info::iterate_imports  195 Found import in 'api-ms-win-core-processenvironment-l1-1-0.dll'
73d0 find_iat                  124 Found import at 00007FF792C73E48 (value is 00007FFB3E425200).
73d0 hook_setter::commit       207 <<< Hook transaction committed.
73d0 hook_setter::hook_setter  159 >>> Started hook transaction.
73d0 hook_setter::attach_iat   316 Attempting to hook ReadConsoleW in IAT for module 00007FF792C30000.
73d0 pe_info::iterate_imports  195 Found import in 'api-ms-win-core-console-l1-1-0.dll'
73d0 find_iat                  124 Found import at 00007FF792C73AC0 (value is 00007FFBD74CE8E0).
73d0 hook_setter::commit       207 <<< Hook transaction committed.
73d0 hook_setter::hook_setter  159 >>> Started hook transaction.
73d0 hook_setter::attach_iat   316 Attempting to hook SetConsoleTitleW in IAT for module 00007FF792C30000.
73d0 pe_info::iterate_imports  195 Found import in 'api-ms-win-core-console-l2-2-0.dll'
73d0 find_iat                  124 Found import at 00007FF792C73B28 (value is 00007FFBD74A44B0).
73d0 hook_setter::commit       207 <<< Hook transaction committed.
73d0 win_screen_buffer::begin  366 Using native terminal support (auto mode found 'ConEmuHk64.dll').
73d0 reset_handle              144 resetting mismatched stdin handle
73d0 reset_handle              144 resetting mismatched stdout handle
73d0 reset_handle              144 resetting mismatched stderr handle
73d0 reset_handle              144 resetting mismatched stdout handle
73d0 reset_handle              144 resetting mismatched stderr handle
73d0 host_lua::load_scripts    192 Loaded 2 Lua scripts in 65 ms
73d0 @~clink~/app/update.lua   370 Clink updater: too soon to check for updates (1746882243 vs 1746882243).
73d0 history_db::initialise   1321 master bank ctag: |CTAG_1744395520_177568062_17672_0
73d0 history_db::compact      1599 History:  14 active, 5 deleted
73d0 reset_handle              144 resetting mismatched stdout handle
73d0 reset_handle              144 resetting mismatched stderr handle
73d0 history_db::compact      1599 History:  14 active, 5 deleted
73d0 reset_handle              144 resetting mismatched stdout handle
73d0 reset_handle              144 resetting mismatched stderr handle
73d0 history_db::compact      1599 History:  14 active, 5 deleted
25f8 reset_handle              144 resetting mismatched stdout handle
25f8 reset_handle              144 resetting mismatched stderr handle
25f8 history_db::compact      1599 History:  14 active, 5 deleted
25f8 reset_handle              144 resetting mismatched stdout handle
25f8 reset_handle              144 resetting mismatched stderr handle
25f8 history_db::compact      1599 History:  14 active, 5 deleted
25f8 reset_handle              144 resetting mismatched stdout handle
25f8 reset_handle              144 resetting mismatched stderr handle
25f8 history_db::compact      1599 History:  14 active, 5 deleted
73d0 reset_handle              144 resetting mismatched stdout handle
73d0 reset_handle              144 resetting mismatched stderr handle
73d0 history_db::compact      1599 History:  14 active, 5 deleted
